2022-08-26T06:07:31.4691359 401 : [no body]
2022-08-26T06:46:17.8305945 401 : [no body]
2022-08-26T07:30:07.5891354 400 : [{"timestamp":"2022-08-26T12:30:07.570+00:00","status":400,"error":"Bad Request","message":"Validation failed for object='registerUserDTO'. Error count: 2","errors":[{"codes":["NotEmpty.registerUserDTO... (947 bytes)]
2022-08-26T07:35:54.653897 401 : [no body]
2022-08-26T07:44:26.2925549 401 : [no body]
2022-08-26T08:17:49.8418934 401 : [no body]
2022-08-26T08:17:57.3688139 401 : [no body]
2022-08-26T08:18:03.6755473 400 : [{"timestamp":"2022-08-26T13:18:03.667+00:00","status":400,"error":"Bad Request","message":"Validation failed for object='registerUserDTO'. Error count: 2","errors":[{"codes":["NotEmpty.registerUserDTO... (947 bytes)]
2022-08-26T08:32:07.2194996 401 : [no body]
2022-08-26T09:03:17.08619 401 : [no body]
2022-08-26T12:37:01.3206538 400 : [{"timestamp":"2022-08-26T17:37:01.254+00:00","status":400,"error":"Bad Request","message":"User registration failed.","path":"/register"}]
2022-08-26T12:41:20.3627783 401 : [no body]
2022-08-26T15:03:43.1151083 401 : [no body]
2022-08-26T15:04:38.7982101 500 : [{"timestamp":"2022-08-26T19:04:38.765+00:00","status":500,"error":"Internal Server Error","message":"PreparedStatementCallback; bad SQL grammar [SELECT transfer_id, transfer_type_id, transfer_status, ... (645 bytes)]
2022-08-26T15:10:26.9448467 500 : [{"timestamp":"2022-08-26T19:10:26.914+00:00","status":500,"error":"Internal Server Error","message":"PreparedStatementCallback; bad SQL grammar [SELECT transfer_id, transfer_type_id, transfer_status, ... (645 bytes)]
2022-08-26T16:30:38.4401013 404 : [{"timestamp":"2022-08-26T20:30:38.383+00:00","status":404,"error":"Not Found","message":"No message available","path":"/users/getAll"}]
2022-08-26T17:32:10.7208601 500 : [{"timestamp":"2022-08-26T21:32:10.691+00:00","status":500,"error":"Internal Server Error","message":"PreparedStatementCallback; bad SQL grammar [SELECT transfer_id, transfer_type_id, transfer_status, ... (645 bytes)]
2022-08-26T17:32:26.1421976 400 : [{"timestamp":"2022-08-26T21:32:26.132+00:00","status":400,"error":"Bad Request","message":"Required request body is missing: public boolean com.techelevator.tenmo.controller.TransferController.sendTEBucks(com.techelevator.tenmo.model.Transfer)","path":"/transfer/send"}]
2022-08-26T17:34:43.8414606 500 : [{"timestamp":"2022-08-26T21:34:43.815+00:00","status":500,"error":"Internal Server Error","message":"PreparedStatementCallback; bad SQL grammar [SELECT transfer_id, transfer_type_id, transfer_status, ... (645 bytes)]
2022-08-26T17:41:19.3522672 405 : [{"timestamp":"2022-08-26T21:41:19.309+00:00","status":405,"error":"Method Not Allowed","message":"Request method 'POST' not supported","path":"/transfer/send"}]
2022-08-26T17:53:17.4869357 400 : [{"timestamp":"2022-08-26T21:53:17.398+00:00","status":400,"error":"Bad Request","message":"Required request body is missing: public boolean com.techelevator.tenmo.controller.TransferController.sendTEBucks(com.techelevator.tenmo.model.Transfer)","path":"/transfer/send"}]
2022-08-26T17:53:39.6190477 500 : [{"timestamp":"2022-08-26T21:53:39.610+00:00","status":500,"error":"Internal Server Error","message":"PreparedStatementCallback; bad SQL grammar [SELECT transfer_id, transfer_type_id, transfer_status, ... (645 bytes)]
2022-08-26T17:57:02.0630117 400 : [{"timestamp":"2022-08-26T21:57:02.018+00:00","status":400,"error":"Bad Request","message":"Required request body is missing: public boolean com.techelevator.tenmo.controller.TransferController.sendTEBucks(com.techelevator.tenmo.model.Transfer)","path":"/transfer/send"}]
2022-08-26T17:57:28.6455028 500 : [{"timestamp":"2022-08-26T21:57:28.636+00:00","status":500,"error":"Internal Server Error","message":"PreparedStatementCallback; bad SQL grammar [SELECT transfer_id, transfer_type_id, transfer_status, ... (645 bytes)]
2022-08-26T18:18:49.8334616 500 : [{"timestamp":"2022-08-26T22:18:49.755+00:00","status":500,"error":"Internal Server Error","message":"PreparedStatementCallback; bad SQL grammar [SELECT transfer_id, transfer_type_id, transfer_status, ... (645 bytes)]
2022-08-26T18:23:08.4757712 500 : [{"timestamp":"2022-08-26T22:23:08.427+00:00","status":500,"error":"Internal Server Error","message":"PreparedStatementCallback; bad SQL grammar [SELECT transfer_id, transfer_type_id, transfer_status, ... (645 bytes)]
2022-08-26T18:30:22.8400845 500 : [{"timestamp":"2022-08-26T22:30:22.768+00:00","status":500,"error":"Internal Server Error","message":"PreparedStatementCallback; bad SQL grammar [SELECT transfer_id, transfer_type_id, transfer_status, ... (647 bytes)]
2022-08-26T18:34:07.8553609 500 : [{"timestamp":"2022-08-26T22:34:07.805+00:00","status":500,"error":"Internal Server Error","message":"PreparedStatementCallback; bad SQL grammar [SELECT t.transfer_id, t.transfer_type_id, ts.transfer_s... (664 bytes)]
2022-08-26T18:37:25.8536959 500 : [{"timestamp":"2022-08-26T22:37:25.805+00:00","status":500,"error":"Internal Server Error","message":"PreparedStatementCallback; bad SQL grammar [SELECT t.transfer_id, t.transfer_type_id, ts.transfer_s... (643 bytes)]
2022-08-26T18:48:19.0620309 500 : [{"timestamp":"2022-08-26T22:48:19.000+00:00","status":500,"error":"Internal Server Error","message":"Invalid column name; nested exception is java.sql.SQLException: Invalid column name","path":"/1001/transfer/previous"}]
2022-08-26T19:06:47.6981566 500 : [{"timestamp":"2022-08-26T23:06:47.622+00:00","status":500,"error":"Internal Server Error","message":"PreparedStatementCallback; SQL [SELECT t.transfer_id, t.transfer_type_id, ts.transfer_status_desc, ... (992 bytes)]
